2024-01-13 13:58:14,011 : WARN  : ModalContext :  : AbstractColumnarContainerTable : MISSING Python Script : 3:33 : Creation of hard links not supported, will copy files instead (and suppress further warnings)
java.nio.file.FileSystemException: /tmp/knime_allmusic_search_14026/knime_container_20240113_2785888030135747632.knable -> /mnt/DATA/develop/music-data/knime-workspace/music-data/allmusic-search-artist/Python Script (#33)/port_1/data.zip: Invalid cross-device link
	at java.base/sun.nio.fs.UnixException.translateToIOException(Unknown Source)
	at java.base/sun.nio.fs.UnixException.rethrowAsIOException(Unknown Source)
	at java.base/sun.nio.fs.UnixFileSystemProvider.createLink(Unknown Source)
	at java.base/java.nio.file.Files.createLink(Unknown Source)
	at org.knime.core.data.columnar.table.AbstractColumnarContainerTable.hardLinkOrCopy(AbstractColumnarContainerTable.java:311)
	at org.knime.core.data.columnar.table.AbstractColumnarContainerTable.<init>(AbstractColumnarContainerTable.java:137)
	at org.knime.core.data.columnar.table.ColumnarContainerTableLoader$SavedColumnarContainerTable.<init>(ColumnarContainerTableLoader.java:97)
	at org.knime.core.data.columnar.table.ColumnarContainerTableLoader.load(ColumnarContainerTableLoader.java:65)
	at org.knime.core.node.ExtensionTableRegistry.loadExtensionTable(ExtensionTableRegistry.java:134)
	at org.knime.core.node.ExtensionTable.loadExtensionTable(ExtensionTable.java:308)
	at org.knime.core.node.BufferedDataTable.loadFromFile(BufferedDataTable.java:888)
	at org.knime.core.node.FileNodePersistor.loadBufferedDataTable(FileNodePersistor.java:478)
	at org.knime.core.node.FileNodePersistor.loadPort(FileNodePersistor.java:367)
	at org.knime.core.node.FileNodePersistor.loadPorts(FileNodePersistor.java:331)
	at org.knime.core.node.FileNodePersistor.load(FileNodePersistor.java:996)
	at org.knime.core.node.workflow.FileNativeNodeContainerPersistor.loadNCAndWashModelSettings(FileNativeNodeContainerPersistor.java:256)
	at org.knime.core.node.workflow.FileSingleNodeContainerPersistor.loadNodeContainer(FileSingleNodeContainerPersistor.java:267)
	at org.knime.core.node.workflow.WorkflowManager.postLoad(WorkflowManager.java:8919)
	at org.knime.core.node.workflow.WorkflowManager.loadContent(WorkflowManager.java:8821)
	at org.knime.core.node.workflow.WorkflowManager.postLoad(WorkflowManager.java:8935)
	at org.knime.core.node.workflow.WorkflowManager.loadContent(WorkflowManager.java:8821)
	at org.knime.core.node.workflow.WorkflowManager.load(WorkflowManager.java:8684)
	at org.knime.core.node.workflow.WorkflowManager.load(WorkflowManager.java:8605)
	at org.knime.core.node.workflow.WorkflowManager.load(WorkflowManager.java:8578)
	at org.knime.core.node.workflow.WorkflowManager.loadProject(WorkflowManager.java:8423)
	at org.knime.workbench.editor2.LoadWorkflowRunnable.run(LoadWorkflowRunnable.java:199)
	at org.knime.ui.java.util.DesktopAPUtil.loadWorkflow(DesktopAPUtil.java:182)
	at org.knime.ui.java.util.DesktopAPUtil.fetchAndLoadWorkflowWithTask(DesktopAPUtil.java:146)
	at org.knime.ui.java.api.OpenProject.loadProject(OpenProject.java:227)
	at org.knime.ui.java.api.OpenProject.openProjectInWebUIOnly(OpenProject.java:177)
	at org.knime.ui.java.api.OpenProject.lambda$0(OpenProject.java:110)
	at org.knime.ui.java.util.DesktopAPUtil.lambda$10(DesktopAPUtil.java:408)
	at org.eclipse.jface.operation.ModalContext$ModalContextThread.run(ModalContext.java:122)
2024-01-13 13:58:15,716 : WARN  : ModalContext :  : Node : MISSING Clean HTML Retriever : 3:31 : Node can't be executed - Node "Clean HTML Retriever" not available from extension "MMI Data Analytics Nodes" (provided by "MMI Agency"; plugin "com.mmiagency.knime.nodes" is not installed)
2024-01-13 13:58:16,969 : WARN  : ModalContext :  : Node : JSON Writer : 3:29 : Skipped 1 row(s) due to missing values.
2024-01-13 13:58:17,119 : ERROR : ModalContext :  : LoadWorkflowRunnable :  :  : Errors during load: Status: Error: allmusic-search-artist 3 loaded with errors
2024-01-13 13:58:17,133 : ERROR : ModalContext :  : LoadWorkflowRunnable :  :  :   Status: Error: allmusic-search-artist 3
2024-01-13 13:58:17,137 : ERROR : ModalContext :  : LoadWorkflowRunnable :  :  :     Status: Error: Node "Python Script" not available from extension "KNIME Python Integration" (provided by "KNIME AG, Zurich, Switzerland"; plugin "org.knime.python3.scripting.nodes" is not installed)
2024-01-13 13:58:17,137 : ERROR : ModalContext :  : LoadWorkflowRunnable :  :  :     Status: Error: Node "Clean HTML Retriever" not available from extension "MMI Data Analytics Nodes" (provided by "MMI Agency"; plugin "com.mmiagency.knime.nodes" is not installed)
2024-01-13 13:58:17,140 : ERROR : ModalContext :  : LoadWorkflowRunnable :  :  :     Status: Error: Node "Python Script" not available from extension "KNIME Python Integration" (provided by "KNIME AG, Zurich, Switzerland"; plugin "org.knime.python3.scripting.nodes" is not installed)
2024-01-13 13:58:17,140 : ERROR : ModalContext :  : LoadWorkflowRunnable :  :  :     Status: Warning: MISSING Clean HTML Retriever 3:31
2024-01-13 13:58:17,141 : ERROR : ModalContext :  : LoadWorkflowRunnable :  :  :       Status: Warning: State has changed from CONFIGURED to IDLE
2024-01-13 13:58:17,141 : ERROR : ModalContext :  : LoadWorkflowRunnable :  :  :     Status: Warning: State has changed from CONFIGURED to IDLE
2024-01-13 14:11:25,787 : WARN  : ModalContext :  : AbstractColumnarContainerTable : MISSING Python Script : 3:33 : Creation of hard links not supported, will copy files instead (and suppress further warnings)
java.nio.file.FileSystemException: /tmp/knime_allmusic_search_18600/knime_container_20240113_8608643304709185628.knable -> /mnt/DATA/develop/music-data/knime-workspace/music-data/allmusic-search-artist/Python Script (#33)/port_1/data.zip: Invalid cross-device link
	at java.base/sun.nio.fs.UnixException.translateToIOException(Unknown Source)
	at java.base/sun.nio.fs.UnixException.rethrowAsIOException(Unknown Source)
	at java.base/sun.nio.fs.UnixFileSystemProvider.createLink(Unknown Source)
	at java.base/java.nio.file.Files.createLink(Unknown Source)
	at org.knime.core.data.columnar.table.AbstractColumnarContainerTable.hardLinkOrCopy(AbstractColumnarContainerTable.java:311)
	at org.knime.core.data.columnar.table.AbstractColumnarContainerTable.<init>(AbstractColumnarContainerTable.java:137)
	at org.knime.core.data.columnar.table.ColumnarContainerTableLoader$SavedColumnarContainerTable.<init>(ColumnarContainerTableLoader.java:97)
	at org.knime.core.data.columnar.table.ColumnarContainerTableLoader.load(ColumnarContainerTableLoader.java:65)
	at org.knime.core.node.ExtensionTableRegistry.loadExtensionTable(ExtensionTableRegistry.java:134)
	at org.knime.core.node.ExtensionTable.loadExtensionTable(ExtensionTable.java:308)
	at org.knime.core.node.BufferedDataTable.loadFromFile(BufferedDataTable.java:888)
	at org.knime.core.node.FileNodePersistor.loadBufferedDataTable(FileNodePersistor.java:478)
	at org.knime.core.node.FileNodePersistor.loadPort(FileNodePersistor.java:367)
	at org.knime.core.node.FileNodePersistor.loadPorts(FileNodePersistor.java:331)
	at org.knime.core.node.FileNodePersistor.load(FileNodePersistor.java:996)
	at org.knime.core.node.workflow.FileNativeNodeContainerPersistor.loadNCAndWashModelSettings(FileNativeNodeContainerPersistor.java:256)
	at org.knime.core.node.workflow.FileSingleNodeContainerPersistor.loadNodeContainer(FileSingleNodeContainerPersistor.java:267)
	at org.knime.core.node.workflow.WorkflowManager.postLoad(WorkflowManager.java:8919)
	at org.knime.core.node.workflow.WorkflowManager.loadContent(WorkflowManager.java:8821)
	at org.knime.core.node.workflow.WorkflowManager.postLoad(WorkflowManager.java:8935)
	at org.knime.core.node.workflow.WorkflowManager.loadContent(WorkflowManager.java:8821)
	at org.knime.core.node.workflow.WorkflowManager.load(WorkflowManager.java:8684)
	at org.knime.core.node.workflow.WorkflowManager.load(WorkflowManager.java:8605)
	at org.knime.core.node.workflow.WorkflowManager.load(WorkflowManager.java:8578)
	at org.knime.core.node.workflow.WorkflowManager.loadProject(WorkflowManager.java:8423)
	at org.knime.workbench.editor2.LoadWorkflowRunnable.run(LoadWorkflowRunnable.java:199)
	at org.eclipse.jface.operation.ModalContext$ModalContextThread.run(ModalContext.java:122)
2024-01-13 14:11:25,936 : WARN  : ModalContext :  : Node : MISSING Clean HTML Retriever : 3:31 : Node can't be executed - Node "Clean HTML Retriever" not available from extension "MMI Data Analytics Nodes" (provided by "MMI Agency"; plugin "com.mmiagency.knime.nodes" is not installed)
2024-01-13 14:11:26,006 : WARN  : ModalContext :  : Node : JSON Writer : 3:29 : Skipped 1 row(s) due to missing values.
2024-01-13 14:11:26,011 : ERROR : ModalContext :  : LoadWorkflowRunnable :  :  : Errors during load: Status: Error: allmusic-search-artist 3 loaded with errors
2024-01-13 14:11:26,012 : ERROR : ModalContext :  : LoadWorkflowRunnable :  :  :   Status: Error: allmusic-search-artist 3
2024-01-13 14:11:26,012 : ERROR : ModalContext :  : LoadWorkflowRunnable :  :  :     Status: Error: Node "Python Script" not available from extension "KNIME Python Integration" (provided by "KNIME AG, Zurich, Switzerland"; plugin "org.knime.python3.scripting.nodes" is not installed)
2024-01-13 14:11:26,012 : ERROR : ModalContext :  : LoadWorkflowRunnable :  :  :     Status: Error: Node "Clean HTML Retriever" not available from extension "MMI Data Analytics Nodes" (provided by "MMI Agency"; plugin "com.mmiagency.knime.nodes" is not installed)
2024-01-13 14:11:26,012 : ERROR : ModalContext :  : LoadWorkflowRunnable :  :  :     Status: Error: Node "Python Script" not available from extension "KNIME Python Integration" (provided by "KNIME AG, Zurich, Switzerland"; plugin "org.knime.python3.scripting.nodes" is not installed)
2024-01-13 14:11:26,012 : ERROR : ModalContext :  : LoadWorkflowRunnable :  :  :     Status: Warning: MISSING Clean HTML Retriever 3:31
2024-01-13 14:11:26,012 : ERROR : ModalContext :  : LoadWorkflowRunnable :  :  :       Status: Warning: State has changed from CONFIGURED to IDLE
2024-01-13 14:11:26,012 : ERROR : ModalContext :  : LoadWorkflowRunnable :  :  :     Status: Warning: State has changed from CONFIGURED to IDLE
2024-01-13 14:11:28,689 : WARN  : main :  : FontStore :  :  : Using the system default font for annotations: Font {139828238550320}
2024-01-13 14:15:04,753 : WARN  : ModalContext :  : AbstractColumnarContainerTable : Python Script : 3:33 : Creation of hard links not supported, will copy files instead (and suppress further warnings)
java.nio.file.FileSystemException: /tmp/knime_allmusic_search_12754/knime_container_20240113_1969655257620700615.knable -> /mnt/DATA/develop/music-data/knime-workspace/music-data/allmusic-search-artist/Python Script (#33)/port_1/data.zip: Invalid cross-device link
	at java.base/sun.nio.fs.UnixException.translateToIOException(Unknown Source)
	at java.base/sun.nio.fs.UnixException.rethrowAsIOException(Unknown Source)
	at java.base/sun.nio.fs.UnixFileSystemProvider.createLink(Unknown Source)
	at java.base/java.nio.file.Files.createLink(Unknown Source)
	at org.knime.core.data.columnar.table.AbstractColumnarContainerTable.hardLinkOrCopy(AbstractColumnarContainerTable.java:311)
	at org.knime.core.data.columnar.table.AbstractColumnarContainerTable.<init>(AbstractColumnarContainerTable.java:137)
	at org.knime.core.data.columnar.table.ColumnarContainerTableLoader$SavedColumnarContainerTable.<init>(ColumnarContainerTableLoader.java:97)
	at org.knime.core.data.columnar.table.ColumnarContainerTableLoader.load(ColumnarContainerTableLoader.java:65)
	at org.knime.core.node.ExtensionTableRegistry.loadExtensionTable(ExtensionTableRegistry.java:134)
	at org.knime.core.node.ExtensionTable.loadExtensionTable(ExtensionTable.java:308)
	at org.knime.core.node.BufferedDataTable.loadFromFile(BufferedDataTable.java:888)
	at org.knime.core.node.FileNodePersistor.loadBufferedDataTable(FileNodePersistor.java:478)
	at org.knime.core.node.FileNodePersistor.loadPort(FileNodePersistor.java:367)
	at org.knime.core.node.FileNodePersistor.loadPorts(FileNodePersistor.java:331)
	at org.knime.core.node.FileNodePersistor.load(FileNodePersistor.java:996)
	at org.knime.core.node.workflow.FileNativeNodeContainerPersistor.loadNCAndWashModelSettings(FileNativeNodeContainerPersistor.java:256)
	at org.knime.core.node.workflow.FileSingleNodeContainerPersistor.loadNodeContainer(FileSingleNodeContainerPersistor.java:267)
	at org.knime.core.node.workflow.WorkflowManager.postLoad(WorkflowManager.java:8919)
	at org.knime.core.node.workflow.WorkflowManager.loadContent(WorkflowManager.java:8821)
	at org.knime.core.node.workflow.WorkflowManager.postLoad(WorkflowManager.java:8935)
	at org.knime.core.node.workflow.WorkflowManager.loadContent(WorkflowManager.java:8821)
	at org.knime.core.node.workflow.WorkflowManager.load(WorkflowManager.java:8684)
	at org.knime.core.node.workflow.WorkflowManager.load(WorkflowManager.java:8605)
	at org.knime.core.node.workflow.WorkflowManager.load(WorkflowManager.java:8578)
	at org.knime.core.node.workflow.WorkflowManager.loadProject(WorkflowManager.java:8423)
	at org.knime.workbench.editor2.LoadWorkflowRunnable.run(LoadWorkflowRunnable.java:199)
	at org.knime.ui.java.util.DesktopAPUtil.loadWorkflow(DesktopAPUtil.java:182)
	at org.knime.ui.java.util.DesktopAPUtil.fetchAndLoadWorkflowWithTask(DesktopAPUtil.java:146)
	at org.knime.ui.java.util.AppStatePersistor$1.lambda$0(AppStatePersistor.java:251)
	at org.knime.ui.java.util.DesktopAPUtil.lambda$10(DesktopAPUtil.java:408)
	at org.eclipse.jface.operation.ModalContext$ModalContextThread.run(ModalContext.java:122)
2024-01-13 14:15:05,052 : WARN  : ModalContext :  : Node : MISSING Clean HTML Retriever : 3:31 : Node can't be executed - Node "Clean HTML Retriever" not available from extension "MMI Data Analytics Nodes" (provided by "MMI Agency"; plugin "com.mmiagency.knime.nodes" is not installed)
2024-01-13 14:15:05,171 : WARN  : ModalContext :  : Node : JSON Writer : 3:29 : Skipped 1 row(s) due to missing values.
2024-01-13 14:15:05,190 : ERROR : ModalContext :  : LoadWorkflowRunnable :  :  : Errors during load: Status: Error: allmusic-search-artist 3 loaded with errors
2024-01-13 14:15:05,190 : ERROR : ModalContext :  : LoadWorkflowRunnable :  :  :   Status: Error: allmusic-search-artist 3
2024-01-13 14:15:05,191 : ERROR : ModalContext :  : LoadWorkflowRunnable :  :  :     Status: Error: Node "Clean HTML Retriever" not available from extension "MMI Data Analytics Nodes" (provided by "MMI Agency"; plugin "com.mmiagency.knime.nodes" is not installed)
2024-01-13 14:15:05,191 : ERROR : ModalContext :  : LoadWorkflowRunnable :  :  :     Status: Warning: MISSING Clean HTML Retriever 3:31
2024-01-13 14:15:05,191 : ERROR : ModalContext :  : LoadWorkflowRunnable :  :  :       Status: Warning: State has changed from CONFIGURED to IDLE
2024-01-13 14:15:05,191 : ERROR : ModalContext :  : LoadWorkflowRunnable :  :  :     Status: Warning: State has changed from CONFIGURED to IDLE
2024-01-13 14:15:52,127 : ERROR : KNIME-Worker-0-Line Reader 3:30 :  : Node : Line Reader : 3:30 : Execute failed: The specified file /data/artists-list.txt does not exist.
org.knime.core.node.InvalidSettingsException: The specified file /data/artists-list.txt does not exist.
	at org.knime.core.node.util.CheckUtils.checkSetting(CheckUtils.java:273)
	at org.knime.core.node.util.CheckUtils.checkSetting(CheckUtils.java:223)
	at org.knime.filehandling.core.defaultnodesettings.filechooser.FileChooserPathAccessor.getRootPath(FileChooserPathAccessor.java:297)
	at org.knime.filehandling.core.defaultnodesettings.filechooser.FileChooserPathAccessor.getFSPaths(FileChooserPathAccessor.java:204)
	at org.knime.filehandling.core.node.table.reader.paths.PathSettings$1.getItems(PathSettings.java:105)
	at org.knime.filehandling.core.node.table.reader.TableReaderNodeModel.getPaths(TableReaderNodeModel.java:195)
	at org.knime.filehandling.core.node.table.reader.TableReaderNodeModel.execute(TableReaderNodeModel.java:158)
	at org.knime.core.node.NodeModel.executeModel(NodeModel.java:588)
	at org.knime.core.node.Node.invokeFullyNodeModelExecute(Node.java:1297)
	at org.knime.core.node.Node.execute(Node.java:1059)
	at org.knime.core.node.workflow.NativeNodeContainer.performExecuteNode(NativeNodeContainer.java:595)
	at org.knime.core.node.exec.LocalNodeExecutionJob.mainExecute(LocalNodeExecutionJob.java:98)
	at org.knime.core.node.workflow.NodeExecutionJob.internalRun(NodeExecutionJob.java:201)
	at org.knime.core.node.workflow.NodeExecutionJob.run(NodeExecutionJob.java:117)
	at org.knime.core.util.ThreadUtils$RunnableWithContextImpl.runWithContext(ThreadUtils.java:367)
	at org.knime.core.util.ThreadUtils$RunnableWithContext.run(ThreadUtils.java:221)
	at java.base/java.util.concurrent.Executors$RunnableAdapter.call(Unknown Source)
	at java.base/java.util.concurrent.FutureTask.run(Unknown Source)
	at org.knime.core.util.ThreadPool$MyFuture.run(ThreadPool.java:123)
	at org.knime.core.util.ThreadPool$Worker.run(ThreadPool.java:246)
